
===============Init Logging================

20/11/2015 - 11:44:39 	===== Ouverture de session =====
20/11/2015 - 13:43:41 	Début du calcul
20/11/2015 - 13:43:41 	Nombre de positions : 100
20/11/2015 - 13:43:41 	Simulation activée
20/11/2015 - 13:43:41 	Lecture des conditions initiales
20/11/2015 - 13:43:42 	Fin du calcul
20/11/2015 - 13:43:44 	Début du calcul
20/11/2015 - 13:43:44 	Nombre de positions : 100
20/11/2015 - 13:43:44 	Simulation activée
20/11/2015 - 13:43:44 	Lecture des conditions initiales
20/11/2015 - 13:43:46 	Fin du calcul
20/11/2015 - 13:43:52 	Début du calcul
20/11/2015 - 13:43:52 	Nombre de positions : 100
20/11/2015 - 13:43:52 	Simulation activée
20/11/2015 - 13:43:52 	Lecture des conditions initiales
20/11/2015 - 13:43:54 	Fin du calcul
20/11/2015 - 13:43:55 	Début du calcul
20/11/2015 - 13:43:55 	Nombre de positions : 100
20/11/2015 - 13:43:55 	Simulation activée
20/11/2015 - 13:43:55 	Lecture des conditions initiales
20/11/2015 - 13:43:57 	Fin du calcul
20/11/2015 - 13:49:00 	Début du calcul
20/11/2015 - 13:49:00 	Nombre de positions : 100
20/11/2015 - 13:49:00 	Simulation activée
20/11/2015 - 13:49:00 	Lecture des conditions initiales
20/11/2015 - 13:49:01 	Fin du calcul
20/11/2015 - 14:43:27 	Début du calcul
20/11/2015 - 14:43:27 	Nombre de positions : 1000
20/11/2015 - 14:43:27 	Simulation activée
20/11/2015 - 14:43:27 	Lecture des conditions initiales
20/11/2015 - 14:43:37 	Fin du calcul
20/11/2015 - 14:48:13 	Début du calcul
20/11/2015 - 14:48:13 	Nombre de positions : 1000
20/11/2015 - 14:48:13 	Simulation activée
20/11/2015 - 14:48:13 	Lecture des conditions initiales
20/11/2015 - 14:48:24 	Fin du calcul
20/11/2015 - 14:48:27 	Début du calcul
20/11/2015 - 14:48:27 	Nombre de positions : 1000
20/11/2015 - 14:48:27 	Simulation activée
20/11/2015 - 14:48:27 	Lecture des conditions initiales
20/11/2015 - 14:48:43 	===== Fermeture de session =====

===============Finish Logging================


===============Init Logging================

20/11/2015 - 14:49:56 	===== Ouverture de session =====
20/11/2015 - 14:50:14 	Début du calcul
20/11/2015 - 14:50:14 	Nombre de positions : 1000
20/11/2015 - 14:50:14 	Simulation inactivée
20/11/2015 - 14:50:14 	Lecture des conditions initiales
20/11/2015 - 14:50:14 	Fin du calcul
20/11/2015 - 14:53:09 	Début du calcul
20/11/2015 - 14:53:09 	Nombre de positions : 1000
20/11/2015 - 14:53:09 	Simulation inactivée
20/11/2015 - 14:53:09 	Lecture des conditions initiales
20/11/2015 - 14:53:09 	Fin du calcul
20/11/2015 - 14:53:45 	Début du calcul
20/11/2015 - 14:53:45 	Nombre de positions : 1000
20/11/2015 - 14:53:45 	Simulation inactivée
20/11/2015 - 14:53:45 	Lecture des conditions initiales
20/11/2015 - 14:53:45 	Fin du calcul
20/11/2015 - 14:54:21 	Début du calcul
20/11/2015 - 14:54:21 	Nombre de positions : 1000
20/11/2015 - 14:54:21 	Simulation inactivée
20/11/2015 - 14:54:21 	Lecture des conditions initiales
20/11/2015 - 14:54:22 	Fin du calcul
20/11/2015 - 14:54:51 	Début du calcul
20/11/2015 - 14:54:51 	Nombre de positions : 1000
20/11/2015 - 14:54:51 	Simulation inactivée
20/11/2015 - 14:54:51 	Lecture des conditions initiales
20/11/2015 - 14:54:52 	Fin du calcul
20/11/2015 - 15:03:10 	Début du calcul
20/11/2015 - 15:03:10 	Nombre de positions : 1000
20/11/2015 - 15:03:10 	Simulation inactivée
20/11/2015 - 15:03:10 	Lecture des conditions initiales
20/11/2015 - 15:03:10 	Fin du calcul
20/11/2015 - 16:10:54 	===== Fermeture de session =====

===============Finish Logging================


===============Init Logging================

20/11/2015 - 16:14:53 	===== Ouverture de session =====
20/11/2015 - 16:16:19 	Début du calcul
20/11/2015 - 16:16:19 	Nombre de positions : 1000
20/11/2015 - 16:16:19 	Simulation inactivée
20/11/2015 - 16:16:19 	Lecture des conditions initiales
20/11/2015 - 16:16:20 	Fin du calcul
20/11/2015 - 16:21:36 	Début du calcul
20/11/2015 - 16:21:36 	Nombre de positions : 1000
20/11/2015 - 16:21:36 	Simulation inactivée
20/11/2015 - 16:21:36 	Lecture des conditions initiales
20/11/2015 - 16:21:36 	Fin du calcul
20/11/2015 - 17:16:38 	===== Fermeture de session =====

===============Finish Logging================


===============Init Logging================

23/11/2015 - 10:33:21 	===== Ouverture de session =====
23/11/2015 - 11:08:51 	Début du calcul
23/11/2015 - 11:08:51 	Nombre de positions : 1000
23/11/2015 - 11:08:51 	Simulation inactivée
23/11/2015 - 11:08:51 	Lecture des conditions initiales
23/11/2015 - 11:08:53 	Fin du calcul
23/11/2015 - 11:08:56 	Début du calcul
23/11/2015 - 11:08:56 	Nombre de positions : 1000
23/11/2015 - 11:08:56 	Simulation inactivée
23/11/2015 - 11:08:56 	Lecture des conditions initiales
23/11/2015 - 11:08:56 	Fin du calcul
23/11/2015 - 11:09:09 	===== Fermeture de session =====

===============Finish Logging================


===============Init Logging================

25/11/2015 - 11:16:11 	===== Ouverture de session =====
25/11/2015 - 11:21:41 	Début du calcul
25/11/2015 - 11:21:41 	Nombre de positions : 100
25/11/2015 - 11:21:41 	Simulation inactivée
25/11/2015 - 11:21:41 	Lecture des conditions initiales
25/11/2015 - 11:21:41 	Fin du calcul
25/11/2015 - 11:21:44 	Début du calcul
25/11/2015 - 11:21:44 	Nombre de positions : 100
25/11/2015 - 11:21:44 	Simulation activée
25/11/2015 - 11:21:44 	Lecture des conditions initiales
25/11/2015 - 11:21:45 	Fin du calcul
25/11/2015 - 11:46:16 	===== Fermeture de session =====

===============Finish Logging================


===============Init Logging================

25/11/2015 - 20:51:13 	===== Ouverture de session =====
25/11/2015 - 20:54:13 	Début du calcul
25/11/2015 - 20:54:13 	Nombre de positions : 100
25/11/2015 - 20:54:13 	Simulation inactivée
25/11/2015 - 20:54:13 	Lecture des conditions initiales
25/11/2015 - 20:54:21 	Fin du calcul
25/11/2015 - 20:54:38 	Début du calcul
25/11/2015 - 20:54:38 	Nombre de positions : 100
25/11/2015 - 20:54:38 	Simulation activée
25/11/2015 - 20:54:38 	Lecture des conditions initiales
25/11/2015 - 20:54:42 	Fin du calcul
25/11/2015 - 20:54:46 	Début du calcul
25/11/2015 - 20:54:46 	Nombre de positions : 100
25/11/2015 - 20:54:46 	Simulation activée
25/11/2015 - 20:54:46 	Lecture des conditions initiales
25/11/2015 - 20:54:49 	Fin du calcul
25/11/2015 - 20:54:56 	Début du calcul
25/11/2015 - 20:54:56 	Nombre de positions : 100
25/11/2015 - 20:54:56 	Simulation activée
25/11/2015 - 20:54:56 	Lecture des conditions initiales
25/11/2015 - 20:54:58 	Fin du calcul
25/11/2015 - 21:21:43 	Début du calcul
25/11/2015 - 21:21:43 	Nombre de positions : 100
25/11/2015 - 21:21:43 	Simulation activée
25/11/2015 - 21:21:43 	Lecture des conditions initiales
25/11/2015 - 21:21:46 	Fin du calcul
25/11/2015 - 22:03:11 	Début du calcul
25/11/2015 - 22:03:11 	Nombre de positions : 100
25/11/2015 - 22:03:11 	Simulation activée
25/11/2015 - 22:03:11 	Lecture des conditions initiales
25/11/2015 - 22:03:14 	Fin du calcul
25/11/2015 - 22:26:37 	===== Fermeture de session =====

===============Finish Logging================


===============Init Logging================


===============Init Logging================

02/12/2015 - 12:39:33 	===== Ouverture de session =====
02/12/2015 - 12:44:27 	===== Fermeture de session =====

===============Finish Logging================

02/12/2015 - 12:39:33 	===== Ouverture de session =====
02/12/2015 - 12:44:27 	===== Fermeture de session =====

===============Finish Logging================

